<?xml version="1.0" encoding="UTF-8"?>
<testsuite name="TicTacToeTest" tests="1" skipped="0" failures="0" errors="0" timestamp="2020-06-06T15:04:46" hostname="DESKTOP-558CVVR" time="0.162">
  <properties/>
  <testcase name="start" classname="TicTacToeTest" time="0.162"/>
  <system-out><![CDATA[?[1;31m
Start test 1?[0m
O X O
X X O
X O X
]]></system-out>
  <system-err><![CDATA[]]></system-err>
</testsuite>
